TN:
SF:lib\BaseLogicDriver.js
FN:5,formulaAutocompleteHelper
FN:23,(anonymous_1)
FN:37,inputAutocompleteHelper
FN:55,(anonymous_3)
FN:73,(anonymous_4)
FN:118,(anonymous_5)
FN:133,(anonymous_6)
FN:136,(anonymous_7)
FN:188,(anonymous_8)
FN:191,(anonymous_9)
FN:259,(anonymous_10)
FN:262,(anonymous_11)
FN:306,(anonymous_12)
FN:315,(anonymous_13)
FN:362,(anonymous_14)
FN:386,(anonymous_15)
FN:420,(anonymous_16)
FN:422,(anonymous_17)
FN:468,(anonymous_18)
FNF:19
FNH:0
FNDA:0,formulaAutocompleteHelper
FNDA:0,(anonymous_1)
FNDA:0,inputAutocompleteHelper
FNDA:0,(anonymous_3)
FNDA:0,(anonymous_4)
FNDA:0,(anonymous_5)
FNDA:0,(anonymous_6)
FNDA:0,(anonymous_7)
FNDA:0,(anonymous_8)
FNDA:0,(anonymous_9)
FNDA:0,(anonymous_10)
FNDA:0,(anonymous_11)
FNDA:0,(anonymous_12)
FNDA:0,(anonymous_13)
FNDA:0,(anonymous_14)
FNDA:0,(anonymous_15)
FNDA:0,(anonymous_16)
FNDA:0,(anonymous_17)
FNDA:0,(anonymous_18)
DA:2,0
DA:3,0
DA:6,0
DA:7,0
DA:8,0
DA:11,0
DA:13,0
DA:14,0
DA:15,0
DA:16,0
DA:19,0
DA:21,0
DA:22,0
DA:24,0
DA:29,0
DA:33,0
DA:38,0
DA:39,0
DA:40,0
DA:43,0
DA:45,0
DA:46,0
DA:47,0
DA:48,0
DA:51,0
DA:53,0
DA:54,0
DA:56,0
DA:61,0
DA:65,0
DA:71,0
DA:74,0
DA:75,0
DA:78,0
DA:79,0
DA:80,0
DA:81,0
DA:82,0
DA:83,0
DA:84,0
DA:85,0
DA:86,0
DA:87,0
DA:93,0
DA:98,0
DA:100,0
DA:105,0
DA:106,0
DA:109,0
DA:110,0
DA:112,0
DA:119,0
DA:122,0
DA:133,0
DA:134,0
DA:135,0
DA:136,0
DA:137,0
DA:145,0
DA:150,0
DA:154,0
DA:162,0
DA:188,0
DA:189,0
DA:190,0
DA:191,0
DA:192,0
DA:193,0
DA:194,0
DA:197,0
DA:198,0
DA:199,0
DA:204,0
DA:207,0
DA:211,0
DA:218,0
DA:224,0
DA:227,0
DA:233,0
DA:237,0
DA:245,0
DA:259,0
DA:260,0
DA:261,0
DA:262,0
DA:263,0
DA:264,0
DA:265,0
DA:266,0
DA:269,0
DA:270,0
DA:271,0
DA:272,0
DA:275,0
DA:278,0
DA:281,0
DA:287,0
DA:293,0
DA:297,0
DA:307,0
DA:308,0
DA:309,0
DA:313,0
DA:316,0
DA:318,0
DA:319,0
DA:320,0
DA:323,0
DA:326,0
DA:327,0
DA:328,0
DA:329,0
DA:330,0
DA:332,0
DA:333,0
DA:336,0
DA:340,0
DA:341,0
DA:343,0
DA:347,0
DA:351,0
DA:355,0
DA:363,0
DA:364,0
DA:370,0
DA:374,0
DA:376,0
DA:377,0
DA:378,0
DA:382,0
DA:384,0
DA:387,0
DA:393,0
DA:394,0
DA:395,0
DA:396,0
DA:397,0
DA:398,0
DA:399,0
DA:400,0
DA:401,0
DA:402,0
DA:403,0
DA:404,0
DA:406,0
DA:407,0
DA:411,0
DA:413,0
DA:415,0
DA:416,0
DA:421,0
DA:422,0
DA:423,0
DA:424,0
DA:426,0
DA:427,0
DA:429,0
DA:433,0
DA:437,0
DA:441,0
DA:442,0
DA:445,0
DA:455,0
DA:459,0
DA:461,0
DA:462,0
DA:465,0
DA:469,0
DA:470,0
DA:471,0
DA:472,0
DA:476,0
DA:477,0
DA:478,0
LF:174
LH:0
BRDA:7,0,0,0
BRDA:7,0,1,0
BRDA:7,1,0,0
BRDA:7,1,1,0
BRDA:15,2,0,0
BRDA:15,2,1,0
BRDA:21,3,0,0
BRDA:21,3,1,0
BRDA:24,4,0,0
BRDA:24,4,1,0
BRDA:24,4,2,0
BRDA:24,4,3,0
BRDA:39,5,0,0
BRDA:39,5,1,0
BRDA:39,6,0,0
BRDA:39,6,1,0
BRDA:47,7,0,0
BRDA:47,7,1,0
BRDA:53,8,0,0
BRDA:53,8,1,0
BRDA:56,9,0,0
BRDA:56,9,1,0
BRDA:56,9,2,0
BRDA:56,9,3,0
BRDA:84,10,0,0
BRDA:84,10,1,0
BRDA:84,11,0,0
BRDA:84,11,1,0
BRDA:86,12,0,0
BRDA:86,12,1,0
BRDA:105,13,0,0
BRDA:105,13,1,0
BRDA:138,14,0,0
BRDA:138,14,1,0
BRDA:138,14,2,0
BRDA:138,14,3,0
BRDA:138,14,4,0
BRDA:193,15,0,0
BRDA:193,15,1,0
BRDA:198,16,0,0
BRDA:198,16,1,0
BRDA:211,17,0,0
BRDA:211,17,1,0
BRDA:224,18,0,0
BRDA:224,18,1,0
BRDA:264,19,0,0
BRDA:264,19,1,0
BRDA:265,20,0,0
BRDA:265,20,1,0
BRDA:269,21,0,0
BRDA:269,21,1,0
BRDA:271,22,0,0
BRDA:271,22,1,0
BRDA:281,23,0,0
BRDA:281,23,1,0
BRDA:308,24,0,0
BRDA:308,24,1,0
BRDA:318,25,0,0
BRDA:318,25,1,0
BRDA:318,26,0,0
BRDA:318,26,1,0
BRDA:319,27,0,0
BRDA:319,27,1,0
BRDA:327,28,0,0
BRDA:327,28,1,0
BRDA:329,29,0,0
BRDA:329,29,1,0
BRDA:332,30,0,0
BRDA:332,30,1,0
BRDA:364,31,0,0
BRDA:364,31,1,0
BRDA:365,32,0,0
BRDA:365,32,1,0
BRDA:365,32,2,0
BRDA:365,32,3,0
BRDA:374,33,0,0
BRDA:374,33,1,0
BRDA:377,34,0,0
BRDA:377,34,1,0
BRDA:377,35,0,0
BRDA:377,35,1,0
BRDA:382,36,0,0
BRDA:382,36,1,0
BRDA:387,37,0,0
BRDA:387,37,1,0
BRDA:387,38,0,0
BRDA:387,38,1,0
BRDA:388,39,0,0
BRDA:388,39,1,0
BRDA:393,40,0,0
BRDA:393,40,1,0
BRDA:394,41,0,0
BRDA:394,41,1,0
BRDA:397,42,0,0
BRDA:397,42,1,0
BRDA:398,43,0,0
BRDA:398,43,1,0
BRDA:401,44,0,0
BRDA:401,44,1,0
BRDA:406,45,0,0
BRDA:406,45,1,0
BRDA:416,46,0,0
BRDA:416,46,1,0
BRDA:437,47,0,0
BRDA:437,47,1,0
BRDA:471,48,0,0
BRDA:471,48,1,0
BRF:107
BRH:0
end_of_record
TN:
SF:lib\BaseLogicUnit.js
FN:6,(anonymous_0)
FN:28,(anonymous_1)
FN:36,(anonymous_2)
FN:41,(anonymous_3)
FN:64,(anonymous_4)
FN:70,(anonymous_5)
FN:98,(anonymous_6)
FN:130,(anonymous_7)
FN:157,(anonymous_8)
FN:175,(anonymous_9)
FN:197,(anonymous_10)
FN:206,(anonymous_11)
FN:219,(anonymous_12)
FN:236,(anonymous_13)
FN:250,(anonymous_14)
FN:284,(anonymous_15)
FN:309,(anonymous_16)
FN:333,(anonymous_17)
FN:347,(anonymous_18)
FN:356,(anonymous_19)
FN:357,(anonymous_20)
FN:360,(anonymous_21)
FN:373,(anonymous_22)
FN:388,(anonymous_23)
FN:389,(anonymous_24)
FN:420,(anonymous_25)
FN:429,(anonymous_26)
FN:438,(anonymous_27)
FN:443,(anonymous_28)
FN:445,(anonymous_29)
FN:446,(anonymous_30)
FN:457,(anonymous_31)
FN:458,(anonymous_32)
FN:464,(anonymous_33)
FN:555,(anonymous_34)
FN:561,(anonymous_35)
FN:564,(anonymous_36)
FN:566,(anonymous_37)
FN:616,(anonymous_38)
FN:618,(anonymous_39)
FN:627,(anonymous_40)
FN:647,(anonymous_41)
FN:653,(anonymous_42)
FN:663,(anonymous_43)
FN:706,(anonymous_44)
FN:756,(anonymous_45)
FN:762,(anonymous_46)
FN:780,(anonymous_47)
FN:795,(anonymous_48)
FN:821,(anonymous_49)
FN:834,(anonymous_50)
FN:845,(anonymous_51)
FN:858,(anonymous_52)
FN:868,(anonymous_53)
FN:869,(anonymous_54)
FN:885,(anonymous_55)
FN:886,(anonymous_56)
FN:890,(anonymous_57)
FN:894,(anonymous_58)
FN:900,(anonymous_59)
FN:902,(anonymous_60)
FN:915,(anonymous_61)
FN:946,(anonymous_62)
FN:964,(anonymous_63)
FN:986,(anonymous_64)
FN:1023,(anonymous_65)
FN:1035,(anonymous_66)
FNF:67
FNH:0
FNDA:0,(anonymous_0)
FNDA:0,(anonymous_1)
FNDA:0,(anonymous_2)
FNDA:0,(anonymous_3)
FNDA:0,(anonymous_4)
FNDA:0,(anonymous_5)
FNDA:0,(anonymous_6)
FNDA:0,(anonymous_7)
FNDA:0,(anonymous_8)
FNDA:0,(anonymous_9)
FNDA:0,(anonymous_10)
FNDA:0,(anonymous_11)
FNDA:0,(anonymous_12)
FNDA:0,(anonymous_13)
FNDA:0,(anonymous_14)
FNDA:0,(anonymous_15)
FNDA:0,(anonymous_16)
FNDA:0,(anonymous_17)
FNDA:0,(anonymous_18)
FNDA:0,(anonymous_19)
FNDA:0,(anonymous_20)
FNDA:0,(anonymous_21)
FNDA:0,(anonymous_22)
FNDA:0,(anonymous_23)
FNDA:0,(anonymous_24)
FNDA:0,(anonymous_25)
FNDA:0,(anonymous_26)
FNDA:0,(anonymous_27)
FNDA:0,(anonymous_28)
FNDA:0,(anonymous_29)
FNDA:0,(anonymous_30)
FNDA:0,(anonymous_31)
FNDA:0,(anonymous_32)
FNDA:0,(anonymous_33)
FNDA:0,(anonymous_34)
FNDA:0,(anonymous_35)
FNDA:0,(anonymous_36)
FNDA:0,(anonymous_37)
FNDA:0,(anonymous_38)
FNDA:0,(anonymous_39)
FNDA:0,(anonymous_40)
FNDA:0,(anonymous_41)
FNDA:0,(anonymous_42)
FNDA:0,(anonymous_43)
FNDA:0,(anonymous_44)
FNDA:0,(anonymous_45)
FNDA:0,(anonymous_46)
FNDA:0,(anonymous_47)
FNDA:0,(anonymous_48)
FNDA:0,(anonymous_49)
FNDA:0,(anonymous_50)
FNDA:0,(anonymous_51)
FNDA:0,(anonymous_52)
FNDA:0,(anonymous_53)
FNDA:0,(anonymous_54)
FNDA:0,(anonymous_55)
FNDA:0,(anonymous_56)
FNDA:0,(anonymous_57)
FNDA:0,(anonymous_58)
FNDA:0,(anonymous_59)
FNDA:0,(anonymous_60)
FNDA:0,(anonymous_61)
FNDA:0,(anonymous_62)
FNDA:0,(anonymous_63)
FNDA:0,(anonymous_64)
FNDA:0,(anonymous_65)
FNDA:0,(anonymous_66)
DA:2,0
DA:3,0
DA:5,0
DA:7,0
DA:8,0
DA:9,0
DA:10,0
DA:12,0
DA:14,0
DA:15,0
DA:16,0
DA:20,0
DA:29,0
DA:30,0
DA:31,0
DA:35,0
DA:36,0
DA:37,0
DA:40,0
DA:41,0
DA:42,0
DA:46,0
DA:47,0
DA:48,0
DA:53,0
DA:54,0
DA:55,0
DA:58,0
DA:65,0
DA:69,0
DA:70,0
DA:71,0
DA:72,0
DA:75,0
DA:76,0
DA:81,0
DA:84,0
DA:85,0
DA:88,0
DA:89,0
DA:95,0
DA:97,0
DA:98,0
DA:100,0
DA:101,0
DA:104,0
DA:107,0
DA:108,0
DA:109,0
DA:112,0
DA:113,0
DA:114,0
DA:115,0
DA:116,0
DA:117,0
DA:118,0
DA:121,0
DA:123,0
DA:126,0
DA:131,0
DA:132,0
DA:135,0
DA:137,0
DA:138,0
DA:139,0
DA:140,0
DA:145,0
DA:146,0
DA:147,0
DA:149,0
DA:153,0
DA:158,0
DA:159,0
DA:163,0
DA:166,0
DA:168,0
DA:169,0
DA:172,0
DA:174,0
DA:175,0
DA:176,0
DA:177,0
DA:180,0
DA:182,0
DA:185,0
DA:186,0
DA:187,0
DA:189,0
DA:193,0
DA:198,0
DA:199,0
DA:203,0
DA:206,0
DA:207,0
DA:209,0
DA:210,0
DA:212,0
DA:213,0
DA:216,0
DA:218,0
DA:219,0
DA:220,0
DA:221,0
DA:224,0
DA:226,0
DA:229,0
DA:230,0
DA:233,0
DA:237,0
DA:241,0
DA:242,0
DA:243,0
DA:245,0
DA:246,0
DA:251,0
DA:252,0
DA:253,0
DA:256,0
DA:257,0
DA:260,0
DA:262,0
DA:263,0
DA:264,0
DA:265,0
DA:267,0
DA:268,0
DA:271,0
DA:273,0
DA:274,0
DA:275,0
DA:281,0
DA:282,0
DA:283,0
DA:284,0
DA:285,0
DA:291,0
DA:293,0
DA:300,0
DA:301,0
DA:302,0
DA:304,0
DA:305,0
DA:310,0
DA:311,0
DA:312,0
DA:314,0
DA:322,0
DA:323,0
DA:327,0
DA:330,0
DA:331,0
DA:332,0
DA:333,0
DA:334,0
DA:335,0
DA:338,0
DA:339,0
DA:340,0
DA:342,0
DA:343,0
DA:348,0
DA:349,0
DA:353,0
DA:357,0
DA:361,0
DA:362,0
DA:363,0
DA:364,0
DA:367,0
DA:368,0
DA:371,0
DA:373,0
DA:388,0
DA:389,0
DA:390,0
DA:391,0
DA:395,0
DA:396,0
DA:399,0
DA:400,0
DA:404,0
DA:420,0
DA:421,0
DA:422,0
DA:424,0
DA:426,0
DA:429,0
DA:430,0
DA:439,0
DA:440,0
DA:444,0
DA:445,0
DA:446,0
DA:458,0
DA:465,0
DA:466,0
DA:471,0
DA:478,0
DA:479,0
DA:480,0
DA:481,0
DA:486,0
DA:488,0
DA:492,0
DA:493,0
DA:494,0
DA:504,0
DA:505,0
DA:506,0
DA:507,0
DA:508,0
DA:509,0
DA:514,0
DA:515,0
DA:521,0
DA:528,0
DA:529,0
DA:530,0
DA:532,0
DA:537,0
DA:538,0
DA:539,0
DA:540,0
DA:544,0
DA:556,0
DA:557,0
DA:558,0
DA:559,0
DA:560,0
DA:561,0
DA:565,0
DA:566,0
DA:567,0
DA:568,0
DA:571,0
DA:573,0
DA:574,0
DA:577,0
DA:580,0
DA:584,0
DA:588,0
DA:591,0
DA:592,0
DA:594,0
DA:596,0
DA:601,0
DA:602,0
DA:609,0
DA:610,0
DA:613,0
DA:617,0
DA:618,0
DA:619,0
DA:620,0
DA:623,0
DA:626,0
DA:627,0
DA:628,0
DA:630,0
DA:635,0
DA:636,0
DA:637,0
DA:641,0
DA:642,0
DA:645,0
DA:646,0
DA:648,0
DA:651,0
DA:652,0
DA:653,0
DA:655,0
DA:659,0
DA:662,0
DA:663,0
DA:664,0
DA:666,0
DA:670,0
DA:676,0
DA:677,0
DA:678,0
DA:679,0
DA:685,0
DA:688,0
DA:693,0
DA:694,0
DA:695,0
DA:696,0
DA:701,0
DA:702,0
DA:703,0
DA:705,0
DA:706,0
DA:708,0
DA:710,0
DA:711,0
DA:712,0
DA:713,0
DA:718,0
DA:719,0
DA:725,0
DA:728,0
DA:731,0
DA:732,0
DA:735,0
DA:736,0
DA:738,0
DA:739,0
DA:744,0
DA:748,0
DA:750,0
DA:751,0
DA:752,0
DA:757,0
DA:758,0
DA:759,0
DA:760,0
DA:761,0
DA:762,0
DA:763,0
DA:765,0
DA:769,0
DA:770,0
DA:776,0
DA:779,0
DA:780,0
DA:782,0
DA:783,0
DA:784,0
DA:785,0
DA:789,0
DA:792,0
DA:796,0
DA:797,0
DA:799,0
DA:800,0
DA:801,0
DA:802,0
DA:804,0
DA:805,0
DA:806,0
DA:807,0
DA:809,0
DA:810,0
DA:814,0
DA:815,0
DA:820,0
DA:821,0
DA:824,0
DA:825,0
DA:828,0
DA:829,0
DA:830,0
DA:833,0
DA:834,0
DA:836,0
DA:840,0
DA:844,0
DA:845,0
DA:848,0
DA:852,0
DA:853,0
DA:855,0
DA:859,0
DA:864,0
DA:869,0
DA:870,0
DA:871,0
DA:874,0
DA:876,0
DA:882,0
DA:886,0
DA:887,0
DA:891,0
DA:892,0
DA:894,0
DA:895,0
DA:897,0
DA:901,0
DA:902,0
DA:903,0
DA:909,0
DA:911,0
DA:912,0
DA:915,0
DA:918,0
DA:921,0
DA:923,0
DA:924,0
DA:926,0
DA:927,0
DA:931,0
DA:933,0
DA:939,0
DA:942,0
DA:943,0
DA:944,0
DA:946,0
DA:948,0
DA:949,0
DA:954,0
DA:965,0
DA:968,0
DA:969,0
DA:970,0
DA:973,0
DA:975,0
DA:976,0
DA:977,0
DA:978,0
DA:979,0
DA:987,0
DA:992,0
DA:1002,0
DA:1004,0
DA:1005,0
DA:1007,0
DA:1008,0
DA:1009,0
DA:1010,0
DA:1011,0
DA:1012,0
DA:1013,0
DA:1014,0
DA:1015,0
DA:1016,0
DA:1022,0
DA:1023,0
DA:1024,0
DA:1025,0
DA:1026,0
DA:1027,0
DA:1029,0
DA:1036,0
DA:1037,0
DA:1040,0
DA:1041,0
DA:1042,0
DA:1044,0
LF:438
LH:0
BRDA:7,0,0,0
BRDA:7,0,1,0
BRDA:9,1,0,0
BRDA:9,1,1,0
BRDA:14,2,0,0
BRDA:14,2,1,0
BRDA:15,3,0,0
BRDA:15,3,1,0
BRDA:15,4,0,0
BRDA:15,4,1,0
BRDA:29,5,0,0
BRDA:29,5,1,0
BRDA:35,6,0,0
BRDA:35,6,1,0
BRDA:40,7,0,0
BRDA:40,7,1,0
BRDA:46,8,0,0
BRDA:46,8,1,0
BRDA:69,9,0,0
BRDA:69,9,1,0
BRDA:76,10,0,0
BRDA:76,10,1,0
BRDA:77,11,0,0
BRDA:77,11,1,0
BRDA:77,11,2,0
BRDA:84,12,0,0
BRDA:84,12,1,0
BRDA:88,13,0,0
BRDA:88,13,1,0
BRDA:88,14,0,0
BRDA:88,14,1,0
BRDA:100,15,0,0
BRDA:100,15,1,0
BRDA:107,16,0,0
BRDA:107,16,1,0
BRDA:113,17,0,0
BRDA:113,17,1,0
BRDA:131,18,0,0
BRDA:131,18,1,0
BRDA:131,19,0,0
BRDA:131,19,1,0
BRDA:131,19,2,0
BRDA:131,19,3,0
BRDA:159,20,0,0
BRDA:159,20,1,0
BRDA:160,21,0,0
BRDA:160,21,1,0
BRDA:160,21,2,0
BRDA:168,22,0,0
BRDA:168,22,1,0
BRDA:168,23,0,0
BRDA:168,23,1,0
BRDA:176,24,0,0
BRDA:176,24,1,0
BRDA:199,25,0,0
BRDA:199,25,1,0
BRDA:200,26,0,0
BRDA:200,26,1,0
BRDA:200,26,2,0
BRDA:212,27,0,0
BRDA:212,27,1,0
BRDA:212,28,0,0
BRDA:212,28,1,0
BRDA:220,29,0,0
BRDA:220,29,1,0
BRDA:256,30,0,0
BRDA:256,30,1,0
BRDA:256,31,0,0
BRDA:256,31,1,0
BRDA:264,32,0,0
BRDA:264,32,1,0
BRDA:264,33,0,0
BRDA:264,33,1,0
BRDA:268,34,0,0
BRDA:268,34,1,0
BRDA:271,35,0,0
BRDA:271,35,1,0
BRDA:274,36,0,0
BRDA:274,36,1,0
BRDA:283,37,0,0
BRDA:283,37,1,0
BRDA:285,38,0,0
BRDA:285,38,1,0
BRDA:286,39,0,0
BRDA:286,39,1,0
BRDA:286,39,2,0
BRDA:291,40,0,0
BRDA:291,40,1,0
BRDA:322,41,0,0
BRDA:322,41,1,0
BRDA:322,42,0,0
BRDA:322,42,1,0
BRDA:331,43,0,0
BRDA:331,43,1,0
BRDA:334,44,0,0
BRDA:334,44,1,0
BRDA:334,45,0,0
BRDA:334,45,1,0
BRDA:334,45,2,0
BRDA:351,46,0,0
BRDA:351,46,1,0
BRDA:364,47,0,0
BRDA:364,47,1,0
BRDA:367,48,0,0
BRDA:367,48,1,0
BRDA:374,49,0,0
BRDA:374,49,1,0
BRDA:375,50,0,0
BRDA:375,50,1,0
BRDA:376,51,0,0
BRDA:376,51,1,0
BRDA:378,52,0,0
BRDA:378,52,1,0
BRDA:399,53,0,0
BRDA:399,53,1,0
BRDA:406,54,0,0
BRDA:406,54,1,0
BRDA:440,55,0,0
BRDA:440,55,1,0
BRDA:450,56,0,0
BRDA:450,56,1,0
BRDA:451,57,0,0
BRDA:451,57,1,0
BRDA:465,58,0,0
BRDA:465,58,1,0
BRDA:466,59,0,0
BRDA:466,59,1,0
BRDA:467,60,0,0
BRDA:467,60,1,0
BRDA:467,60,2,0
BRDA:473,61,0,0
BRDA:473,61,1,0
BRDA:480,62,0,0
BRDA:480,62,1,0
BRDA:480,63,0,0
BRDA:480,63,1,0
BRDA:486,64,0,0
BRDA:486,64,1,0
BRDA:493,65,0,0
BRDA:493,65,1,0
BRDA:496,66,0,0
BRDA:496,66,1,0
BRDA:506,67,0,0
BRDA:506,67,1,0
BRDA:507,68,0,0
BRDA:507,68,1,0
BRDA:508,69,0,0
BRDA:508,69,1,0
BRDA:514,70,0,0
BRDA:514,70,1,0
BRDA:546,71,0,0
BRDA:546,71,1,0
BRDA:556,72,0,0
BRDA:556,72,1,0
BRDA:556,73,0,0
BRDA:556,73,1,0
BRDA:558,74,0,0
BRDA:558,74,1,0
BRDA:561,75,0,0
BRDA:561,75,1,0
BRDA:565,76,0,0
BRDA:565,76,1,0
BRDA:567,77,0,0
BRDA:567,77,1,0
BRDA:573,78,0,0
BRDA:573,78,1,0
BRDA:580,79,0,0
BRDA:580,79,1,0
BRDA:581,80,0,0
BRDA:581,80,1,0
BRDA:593,81,0,0
BRDA:593,81,1,0
BRDA:593,82,0,0
BRDA:593,82,1,0
BRDA:596,83,0,0
BRDA:596,83,1,0
BRDA:597,84,0,0
BRDA:597,84,1,0
BRDA:597,84,2,0
BRDA:609,85,0,0
BRDA:609,85,1,0
BRDA:616,86,0,0
BRDA:617,87,0,0
BRDA:617,87,1,0
BRDA:619,88,0,0
BRDA:619,88,1,0
BRDA:619,89,0,0
BRDA:619,89,1,0
BRDA:626,90,0,0
BRDA:626,90,1,0
BRDA:626,91,0,0
BRDA:626,91,1,0
BRDA:636,92,0,0
BRDA:636,92,1,0
BRDA:651,93,0,0
BRDA:651,93,1,0
BRDA:651,94,0,0
BRDA:651,94,1,0
BRDA:677,95,0,0
BRDA:677,95,1,0
BRDA:677,96,0,0
BRDA:677,96,1,0
BRDA:706,97,0,0
BRDA:706,97,1,0
BRDA:710,98,0,0
BRDA:710,98,1,0
BRDA:718,99,0,0
BRDA:718,99,1,0
BRDA:718,100,0,0
BRDA:718,100,1,0
BRDA:728,101,0,0
BRDA:728,101,1,0
BRDA:738,102,0,0
BRDA:738,102,1,0
BRDA:738,103,0,0
BRDA:738,103,1,0
BRDA:760,104,0,0
BRDA:760,104,1,0
BRDA:761,105,0,0
BRDA:761,105,1,0
BRDA:780,106,0,0
BRDA:780,106,1,0
BRDA:782,107,0,0
BRDA:782,107,1,0
BRDA:800,108,0,0
BRDA:800,108,1,0
BRDA:805,109,0,0
BRDA:805,109,1,0
BRDA:814,110,0,0
BRDA:814,110,1,0
BRDA:824,111,0,0
BRDA:824,111,1,0
BRDA:824,112,0,0
BRDA:824,112,1,0
BRDA:829,113,0,0
BRDA:829,113,1,0
BRDA:845,114,0,0
BRDA:845,114,1,0
BRDA:855,115,0,0
BRDA:855,115,1,0
BRDA:856,116,0,0
BRDA:856,116,1,0
BRDA:859,117,0,0
BRDA:859,117,1,0
BRDA:859,117,2,0
BRDA:870,118,0,0
BRDA:870,118,1,0
BRDA:887,119,0,0
BRDA:887,119,1,0
BRDA:891,120,0,0
BRDA:891,120,1,0
BRDA:903,121,0,0
BRDA:903,121,1,0
BRDA:904,122,0,0
BRDA:904,122,1,0
BRDA:904,122,2,0
BRDA:904,122,3,0
BRDA:912,123,0,0
BRDA:912,123,1,0
BRDA:913,124,0,0
BRDA:913,124,1,0
BRDA:921,125,0,0
BRDA:921,125,1,0
BRDA:926,126,0,0
BRDA:926,126,1,0
BRDA:948,127,0,0
BRDA:948,127,1,0
BRDA:948,128,0,0
BRDA:948,128,1,0
BRDA:968,129,0,0
BRDA:968,129,1,0
BRDA:975,130,0,0
BRDA:975,130,1,0
BRDA:978,131,0,0
BRDA:978,131,1,0
BRDA:1009,132,0,0
BRDA:1009,132,1,0
BRDA:1013,133,0,0
BRDA:1013,133,1,0
BRDA:1022,134,0,0
BRDA:1022,134,1,0
BRDA:1040,135,0,0
BRDA:1040,135,1,0
BRF:283
BRH:0
end_of_record
TN:
SF:lib\FormulaEvaluator.js
FN:20,(anonymous_0)
FN:30,(anonymous_1)
FN:168,(anonymous_2)
FN:188,(anonymous_3)
FN:208,(anonymous_4)
FN:228,(anonymous_5)
FN:248,(anonymous_6)
FN:265,(anonymous_7)
FN:310,(anonymous_8)
FN:357,(anonymous_9)
FNF:10
FNH:10
FNDA:52,(anonymous_0)
FNDA:108,(anonymous_1)
FNDA:71,(anonymous_2)
FNDA:94,(anonymous_3)
FNDA:114,(anonymous_4)
FNDA:117,(anonymous_5)
FNDA:200,(anonymous_6)
FNDA:188,(anonymous_7)
FNDA:270,(anonymous_8)
FNDA:67,(anonymous_9)
DA:21,52
DA:22,52
DA:31,108
DA:32,6
DA:35,102
DA:36,102
DA:37,102
DA:39,102
DA:41,630
DA:42,242
DA:43,242
DA:47,388
DA:48,25
DA:49,25
DA:50,25
DA:52,363
DA:53,24
DA:54,24
DA:55,24
DA:59,339
DA:60,263
DA:61,263
DA:62,2
DA:63,2
DA:64,2
DA:66,261
DA:67,2
DA:68,2
DA:69,2
DA:71,259
DA:72,2
DA:73,2
DA:74,2
DA:79,333
DA:80,3
DA:81,3
DA:82,3
DA:84,330
DA:85,3
DA:86,3
DA:87,3
DA:89,327
DA:90,3
DA:91,3
DA:92,3
DA:94,324
DA:95,3
DA:96,3
DA:97,3
DA:99,321
DA:100,2
DA:101,2
DA:102,2
DA:104,319
DA:105,2
DA:106,2
DA:107,2
DA:111,317
DA:112,302
DA:113,302
DA:114,526
DA:115,526
DA:118,302
DA:121,302
DA:122,72
DA:123,230
DA:124,16
DA:125,214
DA:126,2
DA:127,212
DA:128,12
DA:129,200
DA:130,6
DA:131,194
DA:132,4
DA:133,190
DA:135,187
DA:137,3
DA:139,299
DA:143,15
DA:144,11
DA:145,11
DA:146,3
DA:147,8
DA:148,6
DA:150,2
DA:152,9
DA:153,9
DA:157,4
DA:160,93
DA:169,71
DA:170,71
DA:172,71
DA:173,1
DA:176,70
DA:178,64
DA:179,3
DA:182,61
DA:189,94
DA:191,88
DA:192,20
DA:193,20
DA:194,20
DA:202,88
DA:209,114
DA:211,108
DA:212,3
DA:213,3
DA:214,3
DA:222,108
DA:229,117
DA:231,113
DA:232,71
DA:233,71
DA:234,69
DA:242,111
DA:249,200
DA:250,12
DA:251,12
DA:252,12
DA:259,188
DA:266,188
DA:267,2
DA:270,186
DA:273,186
DA:274,24
DA:275,24
DA:276,24
DA:277,3
DA:279,21
DA:280,21
DA:284,162
DA:285,12
DA:286,12
DA:293,150
DA:294,149
DA:295,149
DA:301,1
DA:311,270
DA:312,0
DA:315,270
DA:317,14
DA:320,153
DA:321,3
DA:323,150
DA:326,11
DA:327,11
DA:329,0
DA:332,92
DA:333,92
DA:335,90
DA:337,62
DA:339,21
DA:341,7
DA:343,0
DA:347,0
DA:358,67
DA:359,60
DA:360,54
DA:364,1
LF:160
LH:156
BRDA:31,0,0,6
BRDA:31,0,1,102
BRDA:31,1,0,108
BRDA:31,1,1,104
BRDA:41,2,0,242
BRDA:41,2,1,388
BRDA:47,3,0,25
BRDA:47,3,1,363
BRDA:52,4,0,24
BRDA:52,4,1,339
BRDA:59,5,0,263
BRDA:59,5,1,76
BRDA:61,6,0,2
BRDA:61,6,1,261
BRDA:66,7,0,2
BRDA:66,7,1,259
BRDA:71,8,0,2
BRDA:71,8,1,257
BRDA:79,9,0,3
BRDA:79,9,1,330
BRDA:84,10,0,3
BRDA:84,10,1,327
BRDA:89,11,0,3
BRDA:89,11,1,324
BRDA:94,12,0,3
BRDA:94,12,1,321
BRDA:99,13,0,2
BRDA:99,13,1,319
BRDA:104,14,0,2
BRDA:104,14,1,317
BRDA:111,15,0,302
BRDA:111,15,1,15
BRDA:113,16,0,828
BRDA:113,16,1,748
BRDA:121,17,0,72
BRDA:121,17,1,230
BRDA:123,18,0,16
BRDA:123,18,1,214
BRDA:125,19,0,2
BRDA:125,19,1,212
BRDA:127,20,0,12
BRDA:127,20,1,200
BRDA:129,21,0,6
BRDA:129,21,1,194
BRDA:131,22,0,4
BRDA:131,22,1,190
BRDA:133,23,0,187
BRDA:133,23,1,3
BRDA:143,24,0,11
BRDA:143,24,1,4
BRDA:145,25,0,3
BRDA:145,25,1,8
BRDA:147,26,0,6
BRDA:147,26,1,2
BRDA:172,27,0,1
BRDA:172,27,1,70
BRDA:178,28,0,3
BRDA:178,28,1,61
BRDA:191,29,0,108
BRDA:191,29,1,44
BRDA:211,30,0,111
BRDA:211,30,1,47
BRDA:231,31,0,182
BRDA:231,31,1,118
BRDA:249,32,0,12
BRDA:249,32,1,188
BRDA:249,33,0,200
BRDA:249,33,1,198
BRDA:266,34,0,2
BRDA:266,34,1,186
BRDA:273,35,0,24
BRDA:273,35,1,162
BRDA:276,36,0,3
BRDA:276,36,1,21
BRDA:276,37,0,24
BRDA:276,37,1,21
BRDA:284,38,0,12
BRDA:284,38,1,150
BRDA:293,39,0,149
BRDA:293,39,1,1
BRDA:310,40,0,2
BRDA:311,41,0,0
BRDA:311,41,1,270
BRDA:315,42,0,14
BRDA:315,42,1,153
BRDA:315,42,2,11
BRDA:315,42,3,92
BRDA:315,42,4,0
BRDA:320,43,0,3
BRDA:320,43,1,150
BRDA:326,44,0,11
BRDA:326,44,1,0
BRDA:335,45,0,62
BRDA:335,45,1,21
BRDA:335,45,2,7
BRDA:335,45,3,0
BRDA:337,46,0,62
BRDA:337,46,1,47
BRDA:339,47,0,21
BRDA:339,47,1,12
BRDA:357,48,0,21
BRF:101
BRH:97
end_of_record
TN:
SF:lib\Logger.js
FN:48,(anonymous_0)
FN:71,(anonymous_1)
FN:86,(anonymous_2)
FN:126,(anonymous_3)
FN:134,(anonymous_4)
FN:138,(anonymous_5)
FN:142,(anonymous_6)
FN:146,(anonymous_7)
FN:179,(anonymous_8)
FN:200,(anonymous_9)
FN:220,(anonymous_10)
FN:251,(anonymous_11)
FN:256,(anonymous_12)
FN:260,(anonymous_13)
FN:264,(anonymous_14)
FN:268,(anonymous_15)
FN:272,(anonymous_16)
FN:276,(anonymous_17)
FN:281,(anonymous_18)
FN:285,(anonymous_19)
FN:290,(anonymous_20)
FN:294,(anonymous_21)
FN:301,(anonymous_22)
FN:322,(anonymous_23)
FN:335,(anonymous_24)
FN:355,(anonymous_25)
FN:363,(anonymous_26)
FN:369,(anonymous_27)
FNF:28
FNH:0
FNDA:0,(anonymous_0)
FNDA:0,(anonymous_1)
FNDA:0,(anonymous_2)
FNDA:0,(anonymous_3)
FNDA:0,(anonymous_4)
FNDA:0,(anonymous_5)
FNDA:0,(anonymous_6)
FNDA:0,(anonymous_7)
FNDA:0,(anonymous_8)
FNDA:0,(anonymous_9)
FNDA:0,(anonymous_10)
FNDA:0,(anonymous_11)
FNDA:0,(anonymous_12)
FNDA:0,(anonymous_13)
FNDA:0,(anonymous_14)
FNDA:0,(anonymous_15)
FNDA:0,(anonymous_16)
FNDA:0,(anonymous_17)
FNDA:0,(anonymous_18)
FNDA:0,(anonymous_19)
FNDA:0,(anonymous_20)
FNDA:0,(anonymous_21)
FNDA:0,(anonymous_22)
FNDA:0,(anonymous_23)
FNDA:0,(anonymous_24)
FNDA:0,(anonymous_25)
FNDA:0,(anonymous_26)
FNDA:0,(anonymous_27)
DA:19,0
DA:27,0
DA:41,0
DA:50,0
DA:51,0
DA:54,0
DA:55,0
DA:56,0
DA:57,0
DA:59,0
DA:65,0
DA:66,0
DA:74,0
DA:75,0
DA:76,0
DA:78,0
DA:80,0
DA:84,0
DA:86,0
DA:91,0
DA:92,0
DA:96,0
DA:97,0
DA:100,0
DA:101,0
DA:102,0
DA:104,0
DA:105,0
DA:108,0
DA:116,0
DA:117,0
DA:119,0
DA:123,0
DA:127,0
DA:128,0
DA:129,0
DA:130,0
DA:135,0
DA:139,0
DA:143,0
DA:147,0
DA:150,0
DA:156,0
DA:157,0
DA:159,0
DA:164,0
DA:174,0
DA:177,0
DA:178,0
DA:179,0
DA:181,0
DA:188,0
DA:197,0
DA:201,0
DA:202,0
DA:206,0
DA:207,0
DA:208,0
DA:210,0
DA:213,0
DA:215,0
DA:216,0
DA:221,0
DA:222,0
DA:226,0
DA:228,0
DA:231,0
DA:232,0
DA:234,0
DA:236,0
DA:237,0
DA:238,0
DA:239,0
DA:243,0
DA:244,0
DA:245,0
DA:246,0
DA:252,0
DA:257,0
DA:261,0
DA:265,0
DA:269,0
DA:273,0
DA:277,0
DA:282,0
DA:286,0
DA:291,0
DA:295,0
DA:296,0
DA:297,0
DA:302,0
DA:303,0
DA:304,0
DA:305,0
DA:308,0
DA:309,0
DA:311,0
DA:312,0
DA:319,0
DA:323,0
DA:324,0
DA:327,0
DA:328,0
DA:329,0
DA:331,0
DA:336,0
DA:337,0
DA:340,0
DA:341,0
DA:344,0
DA:345,0
DA:346,0
DA:347,0
DA:349,0
DA:356,0
DA:364,0
DA:365,0
DA:370,0
DA:371,0
DA:373,0
DA:374,0
DA:375,0
DA:376,0
DA:381,0
DA:383,0
DA:389,0
DA:395,0
DA:399,0
DA:400,0
DA:401,0
DA:407,0
LF:131
LH:0
BRDA:50,0,0,0
BRDA:50,0,1,0
BRDA:71,1,0,0
BRDA:71,2,0,0
BRDA:74,3,0,0
BRDA:74,3,1,0
BRDA:74,4,0,0
BRDA:74,4,1,0
BRDA:76,5,0,0
BRDA:76,5,1,0
BRDA:76,6,0,0
BRDA:76,6,1,0
BRDA:76,6,2,0
BRDA:101,7,0,0
BRDA:101,7,1,0
BRDA:101,8,0,0
BRDA:101,8,1,0
BRDA:104,9,0,0
BRDA:104,9,1,0
BRDA:105,10,0,0
BRDA:105,10,1,0
BRDA:111,11,0,0
BRDA:111,11,1,0
BRDA:111,11,2,0
BRDA:112,12,0,0
BRDA:112,12,1,0
BRDA:112,12,2,0
BRDA:116,13,0,0
BRDA:116,13,1,0
BRDA:128,14,0,0
BRDA:128,14,1,0
BRDA:150,15,0,0
BRDA:150,15,1,0
BRDA:151,16,0,0
BRDA:151,16,1,0
BRDA:151,16,2,0
BRDA:151,16,3,0
BRDA:159,17,0,0
BRDA:159,17,1,0
BRDA:160,18,0,0
BRDA:160,18,1,0
BRDA:160,18,2,0
BRDA:174,19,0,0
BRDA:174,19,1,0
BRDA:177,20,0,0
BRDA:177,20,1,0
BRDA:177,21,0,0
BRDA:177,21,1,0
BRDA:177,21,2,0
BRDA:181,22,0,0
BRDA:181,22,1,0
BRDA:181,23,0,0
BRDA:181,23,1,0
BRDA:181,23,2,0
BRDA:201,24,0,0
BRDA:201,24,1,0
BRDA:221,25,0,0
BRDA:221,25,1,0
BRDA:231,26,0,0
BRDA:231,26,1,0
BRDA:237,27,0,0
BRDA:237,27,1,0
BRDA:239,28,0,0
BRDA:239,28,1,0
BRDA:245,29,0,0
BRDA:245,29,1,0
BRDA:296,30,0,0
BRDA:296,30,1,0
BRDA:303,31,0,0
BRDA:303,31,1,0
BRDA:311,32,0,0
BRDA:311,32,1,0
BRDA:323,33,0,0
BRDA:323,33,1,0
BRDA:336,34,0,0
BRDA:336,34,1,0
BRDA:340,35,0,0
BRDA:340,35,1,0
BRDA:346,36,0,0
BRDA:346,36,1,0
BRDA:364,37,0,0
BRDA:364,37,1,0
BRDA:370,38,0,0
BRDA:370,38,1,0
BRDA:381,39,0,0
BRDA:381,39,1,0
BRDA:383,40,0,0
BRDA:383,40,1,0
BRF:88
BRH:0
end_of_record
TN:
SF:lib\loggerConfig.js
FNF:0
FNH:0
DA:14,0
LF:1
LH:0
BRF:0
BRH:0
end_of_record
